Command line invocation:
    /Applications/Xcode.app/Contents/Developer/usr/bin/xcodebuild -scheme clipboard -configuration Debug -destination platform=macOS -derivedDataPath ./Build

2025-12-24 15:39:22.904 xcodebuild[31127:274772] [MT] IDERunDestination: Supported platforms for the buildables in the current scheme is empty.
--- xcodebuild: WARNING: Using the first of multiple matching destinations:
{ platform:macOS, arch:arm64, id:00008132-000A18CC3AF8801C, name:My Mac }
{ platform:macOS, arch:x86_64, id:00008132-000A18CC3AF8801C, name:My Mac }
ComputePackagePrebuildTargetDependencyGraph

Prepare packages

CreateBuildRequest

SendProjectDescription

CreateBuildOperation

ComputeTargetDependencyGraph
note: Building targets in dependency order
note: Target dependency graph (1 target)
    Target 'clipboard' in project 'clipboard' (no dependencies)

GatherProvisioningInputs

CreateBuildDescription

ExecuteExternalTool /Applications/Xcode.app/Contents/Developer/Toolchains/XcodeDefault.xctoolchain/usr/bin/clang -v -E -dM -isysroot /Applications/Xcode.app/Contents/Developer/Platforms/MacOSX.platform/Developer/SDKs/MacOSX26.2.sdk -x c -c /dev/null

ExecuteExternalTool /Applications/Xcode.app/Contents/Developer/usr/bin/actool --version --output-format xml1

ExecuteExternalTool /Applications/Xcode.app/Contents/Developer/Toolchains/XcodeDefault.xctoolchain/usr/bin/swiftc --version

ExecuteExternalTool /Applications/Xcode.app/Contents/Developer/Toolchains/XcodeDefault.xctoolchain/usr/bin/ld -version_details

Build description signature: cbf3042733c5a5d62cc1e956fcb34f66
Build description path: /Users/hajisalam/Desktop/clipboardsiwft/clipboard/Build/Build/Intermediates.noindex/XCBuildData/cbf3042733c5a5d62cc1e956fcb34f66.xcbuilddata
ClangStatCache /Applications/Xcode.app/Contents/Developer/Toolchains/XcodeDefault.xctoolchain/usr/bin/clang-stat-cache /Applications/Xcode.app/Contents/Developer/Platforms/MacOSX.platform/Developer/SDKs/MacOSX26.2.sdk /Users/hajisalam/Desktop/clipboardsiwft/clipboard/Build/SDKStatCaches.noindex/macosx26.2-25C57-00fa09913b459cbbc988d1f6730289ae.sdkstatcache
    cd /Users/hajisalam/Desktop/clipboardsiwft/clipboard/clipboard.xcodeproj
    /Applications/Xcode.app/Contents/Developer/Toolchains/XcodeDefault.xctoolchain/usr/bin/clang-stat-cache /Applications/Xcode.app/Contents/Developer/Platforms/MacOSX.platform/Developer/SDKs/MacOSX26.2.sdk -o /Users/hajisalam/Desktop/clipboardsiwft/clipboard/Build/SDKStatCaches.noindex/macosx26.2-25C57-00fa09913b459cbbc988d1f6730289ae.sdkstatcache

ProcessProductPackaging "" /Users/hajisalam/Desktop/clipboardsiwft/clipboard/Build/Build/Intermediates.noindex/clipboard.build/Debug/clipboard.build/clipboard.app.xcent (in target 'clipboard' from project 'clipboard')
    cd /Users/hajisalam/Desktop/clipboardsiwft/clipboard
    
    Entitlements:
    
    {
    "com.apple.security.app-sandbox" = 1;
    "com.apple.security.files.user-selected.read-only" = 1;
    "com.apple.security.get-task-allow" = 1;
}
    
    builtin-productPackagingUtility -entitlements -format xml -o /Users/hajisalam/Desktop/clipboardsiwft/clipboard/Build/Build/Intermediates.noindex/clipboard.build/Debug/clipboard.build/clipboard.app.xcent

ProcessProductPackagingDER /Users/hajisalam/Desktop/clipboardsiwft/clipboard/Build/Build/Intermediates.noindex/clipboard.build/Debug/clipboard.build/clipboard.app.xcent /Users/hajisalam/Desktop/clipboardsiwft/clipboard/Build/Build/Intermediates.noindex/clipboard.build/Debug/clipboard.build/clipboard.app.xcent.der (in target 'clipboard' from project 'clipboard')
    cd /Users/hajisalam/Desktop/clipboardsiwft/clipboard
    /usr/bin/derq query -f xml -i /Users/hajisalam/Desktop/clipboardsiwft/clipboard/Build/Build/Intermediates.noindex/clipboard.build/Debug/clipboard.build/clipboard.app.xcent -o /Users/hajisalam/Desktop/clipboardsiwft/clipboard/Build/Build/Intermediates.noindex/clipboard.build/Debug/clipboard.build/clipboard.app.xcent.der --raw

GenerateAssetSymbols /Users/hajisalam/Desktop/clipboardsiwft/clipboard/clipboard/Assets.xcassets (in target 'clipboard' from project 'clipboard')
    cd /Users/hajisalam/Desktop/clipboardsiwft/clipboard
    /Applications/Xcode.app/Contents/Developer/usr/bin/actool /Users/hajisalam/Desktop/clipboardsiwft/clipboard/clipboard/Assets.xcassets --compile /Users/hajisalam/Desktop/clipboardsiwft/clipboard/Build/Build/Products/Debug/clipboard.app/Contents/Resources --output-format human-readable-text --notices --warnings --export-dependency-info /Users/hajisalam/Desktop/clipboardsiwft/clipboard/Build/Build/Intermediates.noindex/clipboard.build/Debug/clipboard.build/assetcatalog_dependencies --output-partial-info-plist /Users/hajisalam/Desktop/clipboardsiwft/clipboard/Build/Build/Intermediates.noindex/clipboard.build/Debug/clipboard.build/assetcatalog_generated_info.plist --app-icon AppIcon --accent-color AccentColor --enable-on-demand-resources NO --development-region en --target-device mac --minimum-deployment-target 26.2 --platform macosx --bundle-identifier hs.clipboard --generate-swift-asset-symbols /Users/hajisalam/Desktop/clipboardsiwft/clipboard/Build/Build/Intermediates.noindex/clipboard.build/Debug/clipboard.build/DerivedSources/GeneratedAssetSymbols.swift --generate-objc-asset-symbols /Users/hajisalam/Desktop/clipboardsiwft/clipboard/Build/Build/Intermediates.noindex/clipboard.build/Debug/clipboard.build/DerivedSources/GeneratedAssetSymbols.h --generate-asset-symbol-index /Users/hajisalam/Desktop/clipboardsiwft/clipboard/Build/Build/Intermediates.noindex/clipboard.build/Debug/clipboard.build/DerivedSources/GeneratedAssetSymbols-Index.plist
/* com.apple.actool.document.warnings */
/Users/hajisalam/Desktop/clipboardsiwft/clipboard/clipboard/Assets.xcassets:./AppIcon.appiconset/[][mac][1024x1024][][][1x][][][][][2d][icon_1024x1024.png]: warning: The app icon set "AppIcon" has 12 unassigned children.
/Users/hajisalam/Desktop/clipboardsiwft/clipboard/clipboard/Assets.xcassets:./AppIcon.appiconset/[][mac][1024x1024][][][1x][][][][][2d][icon_1024x1024.png]: warning: The app icon set "AppIcon" has 12 unassigned children.
/* com.apple.actool.compilation-results */
/Users/hajisalam/Desktop/clipboardsiwft/clipboard/Build/Build/Intermediates.noindex/clipboard.build/Debug/clipboard.build/DerivedSources/GeneratedAssetSymbols-Index.plist
/Users/hajisalam/Desktop/clipboardsiwft/clipboard/Build/Build/Intermediates.noindex/clipboard.build/Debug/clipboard.build/DerivedSources/GeneratedAssetSymbols.h
/Users/hajisalam/Desktop/clipboardsiwft/clipboard/Build/Build/Intermediates.noindex/clipboard.build/Debug/clipboard.build/DerivedSources/GeneratedAssetSymbols.swift


CompileAssetCatalogVariant thinned /Users/hajisalam/Desktop/clipboardsiwft/clipboard/Build/Build/Products/Debug/clipboard.app/Contents/Resources /Users/hajisalam/Desktop/clipboardsiwft/clipboard/clipboard/Assets.xcassets (in target 'clipboard' from project 'clipboard')
    cd /Users/hajisalam/Desktop/clipboardsiwft/clipboard
    /Applications/Xcode.app/Contents/Developer/usr/bin/actool /Users/hajisalam/Desktop/clipboardsiwft/clipboard/clipboard/Assets.xcassets --compile /Users/hajisalam/Desktop/clipboardsiwft/clipboard/Build/Build/Intermediates.noindex/clipboard.build/Debug/clipboard.build/assetcatalog_output/thinned --output-format human-readable-text --notices --warnings --export-dependency-info /Users/hajisalam/Desktop/clipboardsiwft/clipboard/Build/Build/Intermediates.noindex/clipboard.build/Debug/clipboard.build/assetcatalog_dependencies_thinned --output-partial-info-plist /Users/hajisalam/Desktop/clipboardsiwft/clipboard/Build/Build/Intermediates.noindex/clipboard.build/Debug/clipboard.build/assetcatalog_generated_info.plist_thinned --app-icon AppIcon --accent-color AccentColor --enable-on-demand-resources NO --development-region en --target-device mac --minimum-deployment-target 26.2 --platform macosx
/* com.apple.actool.document.warnings */
/Users/hajisalam/Desktop/clipboardsiwft/clipboard/clipboard/Assets.xcassets:./AppIcon.appiconset/[][mac][1024x1024][][][1x][][][][][2d][icon_1024x1024.png]: warning: The app icon set "AppIcon" has 12 unassigned children.
/Users/hajisalam/Desktop/clipboardsiwft/clipboard/clipboard/Assets.xcassets:./AppIcon.appiconset/[][mac][1024x1024][][][1x][][][][][2d][icon_1024x1024.png]: warning: The app icon set "AppIcon" has 12 unassigned children.
/Users/hajisalam/Desktop/clipboardsiwft/clipboard/clipboard/Assets.xcassets:./AppIcon.appiconset/[][mac][1024x1024][][][1x][][][][][2d][icon_1024x1024.png]: warning: The app icon set "AppIcon" has 12 unassigned children.
/* com.apple.actool.compilation-results */
/Users/hajisalam/Desktop/clipboardsiwft/clipboard/Build/Build/Intermediates.noindex/clipboard.build/Debug/clipboard.build/assetcatalog_generated_info.plist_thinned
/Users/hajisalam/Desktop/clipboardsiwft/clipboard/Build/Build/Intermediates.noindex/clipboard.build/Debug/clipboard.build/assetcatalog_output/thinned/AppIcon.icns
/Users/hajisalam/Desktop/clipboardsiwft/clipboard/Build/Build/Intermediates.noindex/clipboard.build/Debug/clipboard.build/assetcatalog_output/thinned/Assets.car


SwiftDriver clipboard normal arm64 com.apple.xcode.tools.swift.compiler (in target 'clipboard' from project 'clipboard')
    cd /Users/hajisalam/Desktop/clipboardsiwft/clipboard
    builtin-SwiftDriver -- /Applications/Xcode.app/Contents/Developer/Toolchains/XcodeDefault.xctoolchain/usr/bin/swiftc -module-name clipboard -Onone -enforce-exclusivity\=checked @/Users/hajisalam/Desktop/clipboardsiwft/clipboard/Build/Build/Intermediates.noindex/clipboard.build/Debug/clipboard.build/Objects-normal/arm64/clipboard.SwiftFileList -DDEBUG -default-isolation\=MainActor -enable-bare-slash-regex -enable-upcoming-feature DisableOutwardActorInference -enable-upcoming-feature InferSendableFromCaptures -enable-upcoming-feature GlobalActorIsolatedTypesUsability -enable-upcoming-feature MemberImportVisibility -enable-upcoming-feature InferIsolatedConformances -enable-upcoming-feature NonisolatedNonsendingByDefault -enable-experimental-feature DebugDescriptionMacro -sdk /Applications/Xcode.app/Contents/Developer/Platforms/MacOSX.platform/Developer/SDKs/MacOSX26.2.sdk -target arm64-apple-macos26.2 -g -module-cache-path /Users/hajisalam/Desktop/clipboardsiwft/clipboard/Build/ModuleCache.noindex -Xfrontend -serialize-debugging-options -enable-testing -index-store-path /Users/hajisalam/Desktop/clipboardsiwft/clipboard/Build/Index.noindex/DataStore -Xcc -D_LIBCPP_HARDENING_MODE\=_LIBCPP_HARDENING_MODE_DEBUG -swift-version 5 -I /Users/hajisalam/Desktop/clipboardsiwft/clipboard/Build/Build/Products/Debug -F /Users/hajisalam/Desktop/clipboardsiwft/clipboard/Build/Build/Products/Debug -emit-localized-strings -emit-localized-strings-path /Users/hajisalam/Desktop/clipboardsiwft/clipboard/Build/Build/Intermediates.noindex/clipboard.build/Debug/clipboard.build/Objects-normal/arm64 -c -j10 -enable-batch-mode -incremental -Xcc -ivfsstatcache -Xcc /Users/hajisalam/Desktop/clipboardsiwft/clipboard/Build/SDKStatCaches.noindex/macosx26.2-25C57-00fa09913b459cbbc988d1f6730289ae.sdkstatcache -output-file-map /Users/hajisalam/Desktop/clipboardsiwft/clipboard/Build/Build/Intermediates.noindex/clipboard.build/Debug/clipboard.build/Objects-normal/arm64/clipboard-OutputFileMap.json -use-frontend-parseable-output -save-temps -no-color-diagnostics -explicit-module-build -module-cache-path /Users/hajisalam/Desktop/clipboardsiwft/clipboard/Build/Build/Intermediates.noindex/SwiftExplicitPrecompiledModules -clang-scanner-module-cache-path /Users/hajisalam/Desktop/clipboardsiwft/clipboard/Build/ModuleCache.noindex -sdk-module-cache-path /Users/hajisalam/Desktop/clipboardsiwft/clipboard/Build/ModuleCache.noindex -serialize-diagnostics -emit-dependencies -emit-module -emit-module-path /Users/hajisalam/Desktop/clipboardsiwft/clipboard/Build/Build/Intermediates.noindex/clipboard.build/Debug/clipboard.build/Objects-normal/arm64/clipboard.swiftmodule -validate-clang-modules-once -clang-build-session-file /Users/hajisalam/Desktop/clipboardsiwft/clipboard/Build/ModuleCache.noindex/Session.modulevalidation -Xcc -I/Users/hajisalam/Desktop/clipboardsiwft/clipboard/Build/Build/Intermediates.noindex/clipboard.build/Debug/clipboard.build/swift-overrides.hmap -emit-const-values -Xfrontend -const-gather-protocols-file -Xfrontend /Users/hajisalam/Desktop/clipboardsiwft/clipboard/Build/Build/Intermediates.noindex/clipboard.build/Debug/clipboard.build/Objects-normal/arm64/clipboard_const_extract_protocols.json -Xcc -iquote -Xcc /Users/hajisalam/Desktop/clipboardsiwft/clipboard/Build/Build/Intermediates.noindex/clipboard.build/Debug/clipboard.build/clipboard-generated-files.hmap -Xcc -I/Users/hajisalam/Desktop/clipboardsiwft/clipboard/Build/Build/Intermediates.noindex/clipboard.build/Debug/clipboard.build/clipboard-own-target-headers.hmap -Xcc -I/Users/hajisalam/Desktop/clipboardsiwft/clipboard/Build/Build/Intermediates.noindex/clipboard.build/Debug/clipboard.build/clipboard-all-target-headers.hmap -Xcc -iquote -Xcc /Users/hajisalam/Desktop/clipboardsiwft/clipboard/Build/Build/Intermediates.noindex/clipboard.build/Debug/clipboard.build/clipboard-project-headers.hmap -Xcc -I/Users/hajisalam/Desktop/clipboardsiwft/clipboard/Build/Build/Products/Debug/include -Xcc -I/Users/hajisalam/Desktop/clipboardsiwft/clipboard/Build/Build/Intermediates.noindex/clipboard.build/Debug/clipboard.build/DerivedSources-normal/arm64 -Xcc -I/Users/hajisalam/Desktop/clipboardsiwft/clipboard/Build/Build/Intermediates.noindex/clipboard.build/Debug/clipboard.build/DerivedSources/arm64 -Xcc -I/Users/hajisalam/Desktop/clipboardsiwft/clipboard/Build/Build/Intermediates.noindex/clipboard.build/Debug/clipboard.build/DerivedSources -Xcc -DDEBUG\=1 -emit-objc-header -emit-objc-header-path /Users/hajisalam/Desktop/clipboardsiwft/clipboard/Build/Build/Intermediates.noindex/clipboard.build/Debug/clipboard.build/Objects-normal/arm64/clipboard-Swift.h -working-directory /Users/hajisalam/Desktop/clipboardsiwft/clipboard -experimental-emit-module-separately -disable-cmo

SwiftCompile normal arm64 Compiling\ GeneratedAssetSymbols.swift /Users/hajisalam/Desktop/clipboardsiwft/clipboard/Build/Build/Intermediates.noindex/clipboard.build/Debug/clipboard.build/DerivedSources/GeneratedAssetSymbols.swift (in target 'clipboard' from project 'clipboard')

SwiftCompile normal arm64 /Users/hajisalam/Desktop/clipboardsiwft/clipboard/Build/Build/Intermediates.noindex/clipboard.build/Debug/clipboard.build/DerivedSources/GeneratedAssetSymbols.swift (in target 'clipboard' from project 'clipboard')
    cd /Users/hajisalam/Desktop/clipboardsiwft/clipboard
    

SwiftEmitModule normal arm64 Emitting\ module\ for\ clipboard (in target 'clipboard' from project 'clipboard')

EmitSwiftModule normal arm64 (in target 'clipboard' from project 'clipboard')
    cd /Users/hajisalam/Desktop/clipboardsiwft/clipboard
    

SwiftCompile normal arm64 Compiling\ ClipboardHistoryView.swift /Users/hajisalam/Desktop/clipboardsiwft/clipboard/clipboard/ClipboardHistoryView.swift (in target 'clipboard' from project 'clipboard')
SwiftCompile normal arm64 /Users/hajisalam/Desktop/clipboardsiwft/clipboard/clipboard/ClipboardHistoryView.swift (in target 'clipboard' from project 'clipboard')
    cd /Users/hajisalam/Desktop/clipboardsiwft/clipboard
    
/Users/hajisalam/Desktop/clipboardsiwft/clipboard/clipboard/ClipboardHistoryView.swift:50:41: error: cannot find 'editingItem' in scope
                                        editingItem = item
                                        ^~~~~~~~~~~
/Users/hajisalam/Desktop/clipboardsiwft/clipboard/clipboard/ClipboardHistoryView.swift:66:41: error: cannot find 'editingItem' in scope
                                        editingItem = item
                                        ^~~~~~~~~~~
/Users/hajisalam/Desktop/clipboardsiwft/clipboard/clipboard/ClipboardHistoryView.swift:85:27: error: cannot find 'editingItem' in scope
            .blur(radius: editingItem != nil || showAboutSheet ? 5 : 0)
                          ^~~~~~~~~~~
/Users/hajisalam/Desktop/clipboardsiwft/clipboard/clipboard/ClipboardHistoryView.swift:86:23: error: cannot find 'editingItem' in scope
            .disabled(editingItem != nil || showAboutSheet)
                      ^~~~~~~~~~~
/Users/hajisalam/Desktop/clipboardsiwft/clipboard/clipboard/ClipboardHistoryView.swift:89:33: error: cannot find 'editingItem' in scope
            if let itemToEdit = editingItem {
                                ^~~~~~~~~~~
/Users/hajisalam/Desktop/clipboardsiwft/clipboard/clipboard/ClipboardHistoryView.swift:92:21: error: cannot find 'editingItem' in scope
                    editingItem = nil
                    ^~~~~~~~~~~
/Users/hajisalam/Desktop/clipboardsiwft/clipboard/clipboard/ClipboardHistoryView.swift:94:21: error: cannot find 'editingItem' in scope
                    editingItem = nil
                    ^~~~~~~~~~~
/Users/hajisalam/Desktop/clipboardsiwft/clipboard/clipboard/ClipboardHistoryView.swift:33:25: error: the compiler is unable to type-check this expression in reasonable time; try breaking up the expression into distinct sub-expressions
    var body: some View {
                        ^

Failed frontend command:
/Applications/Xcode.app/Contents/Developer/Toolchains/XcodeDefault.xctoolchain/usr/bin/swift-frontend -frontend -c /Users/hajisalam/Desktop/clipboardsiwft/clipboard/clipboard/clipboardApp.swift -primary-file /Users/hajisalam/Desktop/clipboardsiwft/clipboard/clipboard/ClipboardHistoryView.swift /Users/hajisalam/Desktop/clipboardsiwft/clipboard/clipboard/ClipboardMonitor.swift /Users/hajisalam/Desktop/clipboardsiwft/clipboard/clipboard/HotKeyManager.swift /Users/hajisalam/Desktop/clipboardsiwft/clipboard/Build/Build/Intermediates.noindex/clipboard.build/Debug/clipboard.build/DerivedSources/GeneratedAssetSymbols.swift -emit-dependencies-path /Users/hajisalam/Desktop/clipboardsiwft/clipboard/Build/Build/Intermediates.noindex/clipboard.build/Debug/clipboard.build/Objects-normal/arm64/ClipboardHistoryView.d -emit-const-values-path /Users/hajisalam/Desktop/clipboardsiwft/clipboard/Build/Build/Intermediates.noindex/clipboard.build/Debug/clipboard.build/Objects-normal/arm64/ClipboardHistoryView.swiftconstvalues -emit-reference-dependencies-path /Users/hajisalam/Desktop/clipboardsiwft/clipboard/Build/Build/Intermediates.noindex/clipboard.build/Debug/clipboard.build/Objects-normal/arm64/ClipboardHistoryView.swiftdeps -serialize-diagnostics-path /Users/hajisalam/Desktop/clipboardsiwft/clipboard/Build/Build/Intermediates.noindex/clipboard.build/Debug/clipboard.build/Objects-normal/arm64/ClipboardHistoryView.dia -emit-localized-strings -emit-localized-strings-path /Users/hajisalam/Desktop/clipboardsiwft/clipboard/Build/Build/Intermediates.noindex/clipboard.build/Debug/clipboard.build/Objects-normal/arm64 -target arm64-apple-macos26.2 -module-can-import-version AppKit 2685.30.107 2685.30.107 -module-can-import-version DeveloperToolsSupport 23.0.4 23.0.4 -module-can-import-version SwiftUI 7.2.5.1 7.2.5 -load-resolved-plugin /Applications/Xcode.app/Contents/Developer/Platforms/MacOSX.platform/Developer/usr/lib/swift/host/plugins/libFoundationMacros.dylib\#/Applications/Xcode.app/Contents/Developer/Platforms/MacOSX.platform/Developer/usr/bin/swift-plugin-server\#FoundationMacros -load-resolved-plugin /Applications/Xcode.app/Contents/Developer/Platforms/MacOSX.platform/Developer/usr/lib/swift/host/plugins/libObservationMacros.dylib\#/Applications/Xcode.app/Contents/Developer/Platforms/MacOSX.platform/Developer/usr/bin/swift-plugin-server\#ObservationMacros -load-resolved-plugin /Applications/Xcode.app/Contents/Developer/Platforms/MacOSX.platform/Developer/usr/lib/swift/host/plugins/libPreviewsMacros.dylib\#/Applications/Xcode.app/Contents/Developer/Platforms/MacOSX.platform/Developer/usr/bin/swift-plugin-server\#PreviewsMacros -load-resolved-plugin /Applications/Xcode.app/Contents/Developer/Platforms/MacOSX.platform/Developer/usr/lib/swift/host/plugins/libSwiftMacros.dylib\#/Applications/Xcode.app/Contents/Developer/Platforms/MacOSX.platform/Developer/usr/bin/swift-plugin-server\#SwiftMacros -load-resolved-plugin /Applications/Xcode.app/Contents/Developer/Platforms/MacOSX.platform/Developer/usr/lib/swift/host/plugins/libSwiftUIMacros.dylib\#/Applications/Xcode.app/Contents/Developer/Platforms/MacOSX.platform/Developer/usr/bin/swift-plugin-server\#SwiftUIMacros -disable-implicit-swift-modules -Xcc -fno-implicit-modules -Xcc -fno-implicit-module-maps -explicit-swift-module-map-file /Users/hajisalam/Desktop/clipboardsiwft/clipboard/Build/Build/Intermediates.noindex/clipboard.build/Debug/clipboard.build/Objects-normal/arm64/clipboard-dependencies-1.json -Xllvm -aarch64-use-tbi -enable-objc-interop -stack-check -sdk /Applications/Xcode.app/Contents/Developer/Platforms/MacOSX.platform/Developer/SDKs/MacOSX26.2.sdk -I /Users/hajisalam/Desktop/clipboardsiwft/clipboard/Build/Build/Products/Debug -F /Users/hajisalam/Desktop/clipboardsiwft/clipboard/Build/Build/Products/Debug -no-color-diagnostics -Xcc -fno-color-diagnostics -enable-testing -g -debug-info-format\=dwarf -dwarf-version\=5 -module-cache-path /Users/hajisalam/Desktop/clipboardsiwft/clipboard/Build/Build/Intermediates.noindex/SwiftExplicitPrecompiledModules -swift-version 5 -enforce-exclusivity\=checked -Onone -D DEBUG -serialize-debugging-options -const-gather-protocols-file /Users/hajisalam/Desktop/clipboardsiwft/clipboard/Build/Build/Intermediates.noindex/clipboard.build/Debug/clipboard.build/Objects-normal/arm64/clipboard_const_extract_protocols.json -enable-upcoming-feature DisableOutwardActorInference -enable-upcoming-feature InferSendableFromCaptures -enable-upcoming-feature GlobalActorIsolatedTypesUsability -enable-upcoming-feature MemberImportVisibility -enable-upcoming-feature InferIsolatedConformances -enable-upcoming-feature NonisolatedNonsendingByDefault -enable-experimental-feature DebugDescriptionMacro -enable-bare-slash-regex -default-isolation\=MainActor -empty-abi-descriptor -validate-clang-modules-once -clang-build-session-file /Users/hajisalam/Desktop/clipboardsiwft/clipboard/Build/ModuleCache.noindex/Session.modulevalidation -Xcc -working-directory -Xcc /Users/hajisalam/Desktop/clipboardsiwft/clipboard -enable-anonymous-context-mangled-names -file-compilation-dir /Users/hajisalam/Desktop/clipboardsiwft/clipboard -Xcc -D_LIBCPP_HARDENING_MODE\=_LIBCPP_HARDENING_MODE_DEBUG -Xcc -ivfsstatcache -Xcc /Users/hajisalam/Desktop/clipboardsiwft/clipboard/Build/SDKStatCaches.noindex/macosx26.2-25C57-00fa09913b459cbbc988d1f6730289ae.sdkstatcache -Xcc -I/Users/hajisalam/Desktop/clipboardsiwft/clipboard/Build/Build/Intermediates.noindex/clipboard.build/Debug/clipboard.build/swift-overrides.hmap -Xcc -iquote -Xcc /Users/hajisalam/Desktop/clipboardsiwft/clipboard/Build/Build/Intermediates.noindex/clipboard.build/Debug/clipboard.build/clipboard-generated-files.hmap -Xcc -I/Users/hajisalam/Desktop/clipboardsiwft/clipboard/Build/Build/Intermediates.noindex/clipboard.build/Debug/clipboard.build/clipboard-own-target-headers.hmap -Xcc -I/Users/hajisalam/Desktop/clipboardsiwft/clipboard/Build/Build/Intermediates.noindex/clipboard.build/Debug/clipboard.build/clipboard-all-target-headers.hmap -Xcc -iquote -Xcc /Users/hajisalam/Desktop/clipboardsiwft/clipboard/Build/Build/Intermediates.noindex/clipboard.build/Debug/clipboard.build/clipboard-project-headers.hmap -Xcc -I/Users/hajisalam/Desktop/clipboardsiwft/clipboard/Build/Build/Products/Debug/include -Xcc -I/Users/hajisalam/Desktop/clipboardsiwft/clipboard/Build/Build/Intermediates.noindex/clipboard.build/Debug/clipboard.build/DerivedSources-normal/arm64 -Xcc -I/Users/hajisalam/Desktop/clipboardsiwft/clipboard/Build/Build/Intermediates.noindex/clipboard.build/Debug/clipboard.build/DerivedSources/arm64 -Xcc -I/Users/hajisalam/Desktop/clipboardsiwft/clipboard/Build/Build/Intermediates.noindex/clipboard.build/Debug/clipboard.build/DerivedSources -Xcc -DDEBUG\=1 -no-auto-bridging-header-chaining -module-name clipboard -frontend-parseable-output -disable-clang-spi -target-sdk-version 26.2 -target-sdk-name macosx26.2 -clang-target arm64-apple-macos26.2 -in-process-plugin-server-path /Applications/Xcode.app/Contents/Developer/Toolchains/XcodeDefault.xctoolchain/usr/lib/swift/host/libSwiftInProcPluginServer.dylib -o /Users/hajisalam/Desktop/clipboardsiwft/clipboard/Build/Build/Intermediates.noindex/clipboard.build/Debug/clipboard.build/Objects-normal/arm64/ClipboardHistoryView.o -index-unit-output-path /clipboard.build/Debug/clipboard.build/Objects-normal/arm64/ClipboardHistoryView.o -index-store-path /Users/hajisalam/Desktop/clipboardsiwft/clipboard/Build/Index.noindex/DataStore -index-system-modules
SwiftDriverJobDiscovery normal arm64 Compiling GeneratedAssetSymbols.swift (in target 'clipboard' from project 'clipboard')

SwiftDriverJobDiscovery normal arm64 Emitting module for clipboard (in target 'clipboard' from project 'clipboard')

SwiftDriver\ Compilation\ Requirements clipboard normal arm64 com.apple.xcode.tools.swift.compiler (in target 'clipboard' from project 'clipboard')
    cd /Users/hajisalam/Desktop/clipboardsiwft/clipboard
    builtin-Swift-Compilation-Requirements -- /Applications/Xcode.app/Contents/Developer/Toolchains/XcodeDefault.xctoolchain/usr/bin/swiftc -module-name clipboard -Onone -enforce-exclusivity\=checked @/Users/hajisalam/Desktop/clipboardsiwft/clipboard/Build/Build/Intermediates.noindex/clipboard.build/Debug/clipboard.build/Objects-normal/arm64/clipboard.SwiftFileList -DDEBUG -default-isolation\=MainActor -enable-bare-slash-regex -enable-upcoming-feature DisableOutwardActorInference -enable-upcoming-feature InferSendableFromCaptures -enable-upcoming-feature GlobalActorIsolatedTypesUsability -enable-upcoming-feature MemberImportVisibility -enable-upcoming-feature InferIsolatedConformances -enable-upcoming-feature NonisolatedNonsendingByDefault -enable-experimental-feature DebugDescriptionMacro -sdk /Applications/Xcode.app/Contents/Developer/Platforms/MacOSX.platform/Developer/SDKs/MacOSX26.2.sdk -target arm64-apple-macos26.2 -g -module-cache-path /Users/hajisalam/Desktop/clipboardsiwft/clipboard/Build/ModuleCache.noindex -Xfrontend -serialize-debugging-options -enable-testing -index-store-path /Users/hajisalam/Desktop/clipboardsiwft/clipboard/Build/Index.noindex/DataStore -Xcc -D_LIBCPP_HARDENING_MODE\=_LIBCPP_HARDENING_MODE_DEBUG -swift-version 5 -I /Users/hajisalam/Desktop/clipboardsiwft/clipboard/Build/Build/Products/Debug -F /Users/hajisalam/Desktop/clipboardsiwft/clipboard/Build/Build/Products/Debug -emit-localized-strings -emit-localized-strings-path /Users/hajisalam/Desktop/clipboardsiwft/clipboard/Build/Build/Intermediates.noindex/clipboard.build/Debug/clipboard.build/Objects-normal/arm64 -c -j10 -enable-batch-mode -incremental -Xcc -ivfsstatcache -Xcc /Users/hajisalam/Desktop/clipboardsiwft/clipboard/Build/SDKStatCaches.noindex/macosx26.2-25C57-00fa09913b459cbbc988d1f6730289ae.sdkstatcache -output-file-map /Users/hajisalam/Desktop/clipboardsiwft/clipboard/Build/Build/Intermediates.noindex/clipboard.build/Debug/clipboard.build/Objects-normal/arm64/clipboard-OutputFileMap.json -use-frontend-parseable-output -save-temps -no-color-diagnostics -explicit-module-build -module-cache-path /Users/hajisalam/Desktop/clipboardsiwft/clipboard/Build/Build/Intermediates.noindex/SwiftExplicitPrecompiledModules -clang-scanner-module-cache-path /Users/hajisalam/Desktop/clipboardsiwft/clipboard/Build/ModuleCache.noindex -sdk-module-cache-path /Users/hajisalam/Desktop/clipboardsiwft/clipboard/Build/ModuleCache.noindex -serialize-diagnostics -emit-dependencies -emit-module -emit-module-path /Users/hajisalam/Desktop/clipboardsiwft/clipboard/Build/Build/Intermediates.noindex/clipboard.build/Debug/clipboard.build/Objects-normal/arm64/clipboard.swiftmodule -validate-clang-modules-once -clang-build-session-file /Users/hajisalam/Desktop/clipboardsiwft/clipboard/Build/ModuleCache.noindex/Session.modulevalidation -Xcc -I/Users/hajisalam/Desktop/clipboardsiwft/clipboard/Build/Build/Intermediates.noindex/clipboard.build/Debug/clipboard.build/swift-overrides.hmap -emit-const-values -Xfrontend -const-gather-protocols-file -Xfrontend /Users/hajisalam/Desktop/clipboardsiwft/clipboard/Build/Build/Intermediates.noindex/clipboard.build/Debug/clipboard.build/Objects-normal/arm64/clipboard_const_extract_protocols.json -Xcc -iquote -Xcc /Users/hajisalam/Desktop/clipboardsiwft/clipboard/Build/Build/Intermediates.noindex/clipboard.build/Debug/clipboard.build/clipboard-generated-files.hmap -Xcc -I/Users/hajisalam/Desktop/clipboardsiwft/clipboard/Build/Build/Intermediates.noindex/clipboard.build/Debug/clipboard.build/clipboard-own-target-headers.hmap -Xcc -I/Users/hajisalam/Desktop/clipboardsiwft/clipboard/Build/Build/Intermediates.noindex/clipboard.build/Debug/clipboard.build/clipboard-all-target-headers.hmap -Xcc -iquote -Xcc /Users/hajisalam/Desktop/clipboardsiwft/clipboard/Build/Build/Intermediates.noindex/clipboard.build/Debug/clipboard.build/clipboard-project-headers.hmap -Xcc -I/Users/hajisalam/Desktop/clipboardsiwft/clipboard/Build/Build/Products/Debug/include -Xcc -I/Users/hajisalam/Desktop/clipboardsiwft/clipboard/Build/Build/Intermediates.noindex/clipboard.build/Debug/clipboard.build/DerivedSources-normal/arm64 -Xcc -I/Users/hajisalam/Desktop/clipboardsiwft/clipboard/Build/Build/Intermediates.noindex/clipboard.build/Debug/clipboard.build/DerivedSources/arm64 -Xcc -I/Users/hajisalam/Desktop/clipboardsiwft/clipboard/Build/Build/Intermediates.noindex/clipboard.build/Debug/clipboard.build/DerivedSources -Xcc -DDEBUG\=1 -emit-objc-header -emit-objc-header-path /Users/hajisalam/Desktop/clipboardsiwft/clipboard/Build/Build/Intermediates.noindex/clipboard.build/Debug/clipboard.build/Objects-normal/arm64/clipboard-Swift.h -working-directory /Users/hajisalam/Desktop/clipboardsiwft/clipboard -experimental-emit-module-separately -disable-cmo

Copy /Users/hajisalam/Desktop/clipboardsiwft/clipboard/Build/Build/Products/Debug/clipboard.swiftmodule/Project/arm64-apple-macos.swiftsourceinfo /Users/hajisalam/Desktop/clipboardsiwft/clipboard/Build/Build/Intermediates.noindex/clipboard.build/Debug/clipboard.build/Objects-normal/arm64/clipboard.swiftsourceinfo (in target 'clipboard' from project 'clipboard')
    cd /Users/hajisalam/Desktop/clipboardsiwft/clipboard
    builtin-copy -exclude .DS_Store -exclude CVS -exclude .svn -exclude .git -exclude .hg -resolve-src-symlinks -rename /Users/hajisalam/Desktop/clipboardsiwft/clipboard/Build/Build/Intermediates.noindex/clipboard.build/Debug/clipboard.build/Objects-normal/arm64/clipboard.swiftsourceinfo /Users/hajisalam/Desktop/clipboardsiwft/clipboard/Build/Build/Products/Debug/clipboard.swiftmodule/Project/arm64-apple-macos.swiftsourceinfo

Copy /Users/hajisalam/Desktop/clipboardsiwft/clipboard/Build/Build/Products/Debug/clipboard.swiftmodule/arm64-apple-macos.abi.json /Users/hajisalam/Desktop/clipboardsiwft/clipboard/Build/Build/Intermediates.noindex/clipboard.build/Debug/clipboard.build/Objects-normal/arm64/clipboard.abi.json (in target 'clipboard' from project 'clipboard')
    cd /Users/hajisalam/Desktop/clipboardsiwft/clipboard
    builtin-copy -exclude .DS_Store -exclude CVS -exclude .svn -exclude .git -exclude .hg -resolve-src-symlinks -rename /Users/hajisalam/Desktop/clipboardsiwft/clipboard/Build/Build/Intermediates.noindex/clipboard.build/Debug/clipboard.build/Objects-normal/arm64/clipboard.abi.json /Users/hajisalam/Desktop/clipboardsiwft/clipboard/Build/Build/Products/Debug/clipboard.swiftmodule/arm64-apple-macos.abi.json

LinkAssetCatalog /Users/hajisalam/Desktop/clipboardsiwft/clipboard/clipboard/Assets.xcassets (in target 'clipboard' from project 'clipboard')
    cd /Users/hajisalam/Desktop/clipboardsiwft/clipboard
    builtin-linkAssetCatalog --thinned /Users/hajisalam/Desktop/clipboardsiwft/clipboard/Build/Build/Intermediates.noindex/clipboard.build/Debug/clipboard.build/assetcatalog_output/thinned --thinned-dependencies /Users/hajisalam/Desktop/clipboardsiwft/clipboard/Build/Build/Intermediates.noindex/clipboard.build/Debug/clipboard.build/assetcatalog_dependencies_thinned --thinned-info-plist-content /Users/hajisalam/Desktop/clipboardsiwft/clipboard/Build/Build/Intermediates.noindex/clipboard.build/Debug/clipboard.build/assetcatalog_generated_info.plist_thinned --unthinned /Users/hajisalam/Desktop/clipboardsiwft/clipboard/Build/Build/Intermediates.noindex/clipboard.build/Debug/clipboard.build/assetcatalog_output/unthinned --unthinned-dependencies /Users/hajisalam/Desktop/clipboardsiwft/clipboard/Build/Build/Intermediates.noindex/clipboard.build/Debug/clipboard.build/assetcatalog_dependencies_unthinned --unthinned-info-plist-content /Users/hajisalam/Desktop/clipboardsiwft/clipboard/Build/Build/Intermediates.noindex/clipboard.build/Debug/clipboard.build/assetcatalog_generated_info.plist_unthinned --output /Users/hajisalam/Desktop/clipboardsiwft/clipboard/Build/Build/Products/Debug/clipboard.app/Contents/Resources --plist-output /Users/hajisalam/Desktop/clipboardsiwft/clipboard/Build/Build/Intermediates.noindex/clipboard.build/Debug/clipboard.build/assetcatalog_generated_info.plist
note: Emplaced /Users/hajisalam/Desktop/clipboardsiwft/clipboard/Build/Build/Products/Debug/clipboard.app/Contents/Resources/AppIcon.icns (in target 'clipboard' from project 'clipboard')
note: Emplaced /Users/hajisalam/Desktop/clipboardsiwft/clipboard/Build/Build/Products/Debug/clipboard.app/Contents/Resources/Assets.car (in target 'clipboard' from project 'clipboard')

ProcessInfoPlistFile /Users/hajisalam/Desktop/clipboardsiwft/clipboard/Build/Build/Products/Debug/clipboard.app/Contents/Info.plist /Users/hajisalam/Desktop/clipboardsiwft/clipboard/Build/Build/Intermediates.noindex/clipboard.build/Debug/clipboard.build/empty-clipboard.plist (in target 'clipboard' from project 'clipboard')
    cd /Users/hajisalam/Desktop/clipboardsiwft/clipboard
    builtin-infoPlistUtility /Users/hajisalam/Desktop/clipboardsiwft/clipboard/Build/Build/Intermediates.noindex/clipboard.build/Debug/clipboard.build/empty-clipboard.plist -producttype com.apple.product-type.application -genpkginfo /Users/hajisalam/Desktop/clipboardsiwft/clipboard/Build/Build/Products/Debug/clipboard.app/Contents/PkgInfo -expandbuildsettings -platform macosx -additionalcontentfile /Users/hajisalam/Desktop/clipboardsiwft/clipboard/Build/Build/Intermediates.noindex/clipboard.build/Debug/clipboard.build/assetcatalog_generated_info.plist -o /Users/hajisalam/Desktop/clipboardsiwft/clipboard/Build/Build/Products/Debug/clipboard.app/Contents/Info.plist

** BUILD FAILED **


The following build commands failed:
	SwiftCompile normal arm64 /Users/hajisalam/Desktop/clipboardsiwft/clipboard/clipboard/ClipboardHistoryView.swift (in target 'clipboard' from project 'clipboard')
	SwiftCompile normal arm64 Compiling\ ClipboardHistoryView.swift /Users/hajisalam/Desktop/clipboardsiwft/clipboard/clipboard/ClipboardHistoryView.swift (in target 'clipboard' from project 'clipboard')
	Building project clipboard with scheme clipboard and configuration Debug
(3 failures)
